2026-06-24T12:56:00Z level=ok hours=53.5 (no send)
2026-06-24T12:56:03Z level=ok hours=53.5 (no send)
2026-06-24T18:00:04Z level=ok hours=48.4 (no send)
2026-06-24T18:00:14Z level=ok hours=48.4 (no send)
2026-06-25T00:00:04Z level=ok hours=42.4 (no send)
2026-06-25T00:00:15Z level=ok hours=42.4 (no send)
2026-06-25T06:00:04Z level=ok hours=36.4 (no send)
2026-06-25T06:00:11Z level=ok hours=36.4 (no send)
2026-06-25T12:00:04Z level=ok hours=30.4 (no send)
2026-06-25T12:00:12Z level=ok hours=30.4 (no send)
2026-06-25T18:00:03Z level=ok hours=24.4 (no send)
2026-06-25T18:00:13Z level=ok hours=24.4 (no send)
2026-06-26T00:00:08Z level=warn hours=18.4 sent=True
2026-06-26T00:00:14Z level=warn hours=18.4 (no send)
2026-06-26T06:00:04Z level=warn hours=12.4 (no send)
2026-06-26T06:00:13Z level=warn hours=12.4 (no send)
2026-06-26T12:00:04Z level=warn hours=6.4 (no send)
2026-06-26T12:00:13Z level=warn hours=6.4 (no send)
2026-06-26T18:00:04Z level=warn hours=0.4 (no send)
2026-06-26T18:00:11Z level=warn hours=0.4 (no send)
2026-06-27T00:00:08Z level=expired hours=-5.6 sent=True
2026-06-27T00:00:13Z level=expired hours=-5.6 (no send)
2026-06-27T06:00:04Z level=expired hours=-11.6 (no send)
2026-06-27T06:00:12Z level=expired hours=-11.6 (no send)
2026-06-27T12:00:09Z level=ok hours=234.2 sent=True
2026-06-27T12:00:14Z level=ok hours=234.2 (no send)
2026-06-27T18:00:04Z level=ok hours=228.2 (no send)
2026-06-27T18:00:13Z level=ok hours=228.2 (no send)
2026-06-28T00:00:04Z level=ok hours=222.2 (no send)
2026-06-28T00:00:17Z level=ok hours=222.2 (no send)
2026-06-28T06:00:04Z level=ok hours=216.2 (no send)
2026-06-28T06:00:13Z level=ok hours=216.2 (no send)
2026-06-28T12:00:04Z level=ok hours=210.2 (no send)
2026-06-28T12:00:11Z level=ok hours=210.2 (no send)
2026-06-28T18:00:03Z level=ok hours=204.2 (no send)
2026-06-28T18:00:14Z level=ok hours=204.2 (no send)
2026-06-29T00:00:04Z level=ok hours=198.2 (no send)
2026-06-29T00:00:13Z level=ok hours=198.2 (no send)
2026-06-29T06:00:04Z level=ok hours=192.2 (no send)
2026-06-29T06:00:13Z level=ok hours=192.2 (no send)
2026-06-29T12:00:04Z level=ok hours=186.2 (no send)
2026-06-29T12:00:13Z level=ok hours=186.2 (no send)
2026-06-29T18:00:04Z level=ok hours=180.2 (no send)
2026-06-29T18:00:13Z level=ok hours=180.2 (no send)
2026-06-30T00:00:04Z level=ok hours=174.2 (no send)
2026-06-30T00:00:15Z level=ok hours=174.2 (no send)
2026-06-30T06:00:04Z level=ok hours=168.2 (no send)
2026-06-30T06:00:14Z level=ok hours=168.2 (no send)
2026-06-30T12:00:04Z level=ok hours=162.2 (no send)
2026-06-30T12:00:15Z level=ok hours=162.2 (no send)
2026-06-30T18:00:04Z level=ok hours=156.2 (no send)
2026-06-30T18:00:14Z level=ok hours=156.2 (no send)
2026-07-01T00:00:04Z level=ok hours=150.2 (no send)
2026-07-01T00:00:14Z level=ok hours=150.2 (no send)
